::1 - - [01/Apr/2021:14:04:15 +0000] "OPTIONS /api/sauces/6065cf1adbb8061740bffc05 HTTP/1.1" 200 19 "http://localhost:4200/" "Mozilla/5.0 (Windows NT 10.0; Win64; x64) AppleWebKit/537.36 (KHTML, like Gecko) Chrome/89.0.4389.114 Safari/537.36"
::1 - - [01/Apr/2021:14:04:15 +0000] "GET /api/sauces/6065cf1adbb8061740bffc05 HTTP/1.1" 200 319 "http://localhost:4200/" "Mozilla/5.0 (Windows NT 10.0; Win64; x64) AppleWebKit/537.36 (KHTML, like Gecko) Chrome/89.0.4389.114 Safari/537.36"
::1 - - [01/Apr/2021:14:04:17 +0000] "GET /api/sauces/6065cf1adbb8061740bffc05 HTTP/1.1" 304 - "http://localhost:4200/" "Mozilla/5.0 (Windows NT 10.0; Win64; x64) AppleWebKit/537.36 (KHTML, like Gecko) Chrome/89.0.4389.114 Safari/537.36"
::1 - - [01/Apr/2021:14:04:21 +0000] "OPTIONS /api/sauces/6065cf1adbb8061740bffc05 HTTP/1.1" 200 19 "http://localhost:4200/" "Mozilla/5.0 (Windows NT 10.0; Win64; x64) AppleWebKit/537.36 (KHTML, like Gecko) Chrome/89.0.4389.114 Safari/537.36"
::1 - - [01/Apr/2021:14:04:21 +0000] "PUT /api/sauces/6065cf1adbb8061740bffc05 HTTP/1.1" 200 30 "http://localhost:4200/" "Mozilla/5.0 (Windows NT 10.0; Win64; x64) AppleWebKit/537.36 (KHTML, like Gecko) Chrome/89.0.4389.114 Safari/537.36"
::1 - - [01/Apr/2021:14:04:21 +0000] "OPTIONS /api/sauces HTTP/1.1" 200 13 "http://localhost:4200/" "Mozilla/5.0 (Windows NT 10.0; Win64; x64) AppleWebKit/537.36 (KHTML, like Gecko) Chrome/89.0.4389.114 Safari/537.36"
::1 - - [01/Apr/2021:14:04:21 +0000] "GET /api/sauces HTTP/1.1" 200 659 "http://localhost:4200/" "Mozilla/5.0 (Windows NT 10.0; Win64; x64) AppleWebKit/537.36 (KHTML, like Gecko) Chrome/89.0.4389.114 Safari/537.36"
::1 - - [01/Apr/2021:14:04:58 +0000] "OPTIONS /api/sauces/6065cf1adbb8061740bffc05 HTTP/1.1" 200 19 "http://localhost:4200/" "Mozilla/5.0 (Windows NT 10.0; Win64; x64) AppleWebKit/537.36 (KHTML, like Gecko) Chrome/89.0.4389.114 Safari/537.36"
::1 - - [01/Apr/2021:14:04:58 +0000] "GET /api/sauces/6065cf1adbb8061740bffc05 HTTP/1.1" 200 321 "http://localhost:4200/" "Mozilla/5.0 (Windows NT 10.0; Win64; x64) AppleWebKit/537.36 (KHTML, like Gecko) Chrome/89.0.4389.114 Safari/537.36"
::1 - - [01/Apr/2021:14:05:00 +0000] "DELETE /api/sauces/6065cf1adbb8061740bffc05 HTTP/1.1" 200 31 "http://localhost:4200/" "Mozilla/5.0 (Windows NT 10.0; Win64; x64) AppleWebKit/537.36 (KHTML, like Gecko) Chrome/89.0.4389.114 Safari/537.36"
::1 - - [01/Apr/2021:14:05:00 +0000] "OPTIONS /api/sauces HTTP/1.1" 200 13 "http://localhost:4200/" "Mozilla/5.0 (Windows NT 10.0; Win64; x64) AppleWebKit/537.36 (KHTML, like Gecko) Chrome/89.0.4389.114 Safari/537.36"
::1 - - [01/Apr/2021:14:05:00 +0000] "GET /api/sauces HTTP/1.1" 200 337 "http://localhost:4200/" "Mozilla/5.0 (Windows NT 10.0; Win64; x64) AppleWebKit/537.36 (KHTML, like Gecko) Chrome/89.0.4389.114 Safari/537.36"
::1 - - [01/Apr/2021:14:05:01 +0000] "OPTIONS /api/sauces/6065c6cc38a31626b8ce451b HTTP/1.1" 200 19 "http://localhost:4200/" "Mozilla/5.0 (Windows NT 10.0; Win64; x64) AppleWebKit/537.36 (KHTML, like Gecko) Chrome/89.0.4389.114 Safari/537.36"
::1 - - [01/Apr/2021:14:05:01 +0000] "GET /api/sauces/6065c6cc38a31626b8ce451b HTTP/1.1" 200 335 "http://localhost:4200/" "Mozilla/5.0 (Windows NT 10.0; Win64; x64) AppleWebKit/537.36 (KHTML, like Gecko) Chrome/89.0.4389.114 Safari/537.36"
::1 - - [01/Apr/2021:15:35:53 +0000] "OPTIONS /api/sauces HTTP/1.1" 200 13 "http://localhost:4200/" "Mozilla/5.0 (Windows NT 10.0; Win64; x64) AppleWebKit/537.36 (KHTML, like Gecko) Chrome/89.0.4389.114 Safari/537.36"
::1 - - [01/Apr/2021:15:35:53 +0000] "GET /api/sauces HTTP/1.1" 304 - "http://localhost:4200/" "Mozilla/5.0 (Windows NT 10.0; Win64; x64) AppleWebKit/537.36 (KHTML, like Gecko) Chrome/89.0.4389.114 Safari/537.36"
::1 - - [01/Apr/2021:15:36:14 +0000] "OPTIONS /api/sauces HTTP/1.1" 200 13 "http://localhost:4200/" "Mozilla/5.0 (Windows NT 10.0; Win64; x64) AppleWebKit/537.36 (KHTML, like Gecko) Chrome/89.0.4389.114 Safari/537.36"
::1 - - [01/Apr/2021:15:36:14 +0000] "POST /api/sauces HTTP/1.1" 201 33 "http://localhost:4200/" "Mozilla/5.0 (Windows NT 10.0; Win64; x64) AppleWebKit/537.36 (KHTML, like Gecko) Chrome/89.0.4389.114 Safari/537.36"
::1 - - [01/Apr/2021:15:36:14 +0000] "GET /api/sauces HTTP/1.1" 200 652 "http://localhost:4200/" "Mozilla/5.0 (Windows NT 10.0; Win64; x64) AppleWebKit/537.36 (KHTML, like Gecko) Chrome/89.0.4389.114 Safari/537.36"
::1 - - [01/Apr/2021:15:36:14 +0000] "GET /images/Sauce61617291374682.jpg HTTP/1.1" 200 56543 "http://localhost:4200/" "Mozilla/5.0 (Windows NT 10.0; Win64; x64) AppleWebKit/537.36 (KHTML, like Gecko) Chrome/89.0.4389.114 Safari/537.36"
::1 - - [01/Apr/2021:15:36:20 +0000] "OPTIONS /api/sauces/6065e86eb861692a78117ece HTTP/1.1" 200 19 "http://localhost:4200/" "Mozilla/5.0 (Windows NT 10.0; Win64; x64) AppleWebKit/537.36 (KHTML, like Gecko) Chrome/89.0.4389.114 Safari/537.36"
::1 - - [01/Apr/2021:15:36:20 +0000] "GET /api/sauces/6065e86eb861692a78117ece HTTP/1.1" 200 314 "http://localhost:4200/" "Mozilla/5.0 (Windows NT 10.0; Win64; x64) AppleWebKit/537.36 (KHTML, like Gecko) Chrome/89.0.4389.114 Safari/537.36"
::1 - - [01/Apr/2021:15:36:22 +0000] "GET /api/sauces/6065e86eb861692a78117ece HTTP/1.1" 304 - "http://localhost:4200/" "Mozilla/5.0 (Windows NT 10.0; Win64; x64) AppleWebKit/537.36 (KHTML, like Gecko) Chrome/89.0.4389.114 Safari/537.36"
::1 - - [01/Apr/2021:15:36:29 +0000] "OPTIONS /api/sauces/6065e86eb861692a78117ece HTTP/1.1" 200 19 "http://localhost:4200/" "Mozilla/5.0 (Windows NT 10.0; Win64; x64) AppleWebKit/537.36 (KHTML, like Gecko) Chrome/89.0.4389.114 Safari/537.36"
::1 - - [01/Apr/2021:15:36:29 +0000] "PUT /api/sauces/6065e86eb861692a78117ece HTTP/1.1" 200 30 "http://localhost:4200/" "Mozilla/5.0 (Windows NT 10.0; Win64; x64) AppleWebKit/537.36 (KHTML, like Gecko) Chrome/89.0.4389.114 Safari/537.36"
::1 - - [01/Apr/2021:15:36:29 +0000] "OPTIONS /api/sauces HTTP/1.1" 200 13 "http://localhost:4200/" "Mozilla/5.0 (Windows NT 10.0; Win64; x64) AppleWebKit/537.36 (KHTML, like Gecko) Chrome/89.0.4389.114 Safari/537.36"
::1 - - [01/Apr/2021:15:36:29 +0000] "GET /api/sauces HTTP/1.1" 200 652 "http://localhost:4200/" "Mozilla/5.0 (Windows NT 10.0; Win64; x64) AppleWebKit/537.36 (KHTML, like Gecko) Chrome/89.0.4389.114 Safari/537.36"
::1 - - [01/Apr/2021:15:36:29 +0000] "GET /images/Sauce41617291389117.jpg HTTP/1.1" 200 28105 "http://localhost:4200/" "Mozilla/5.0 (Windows NT 10.0; Win64; x64) AppleWebKit/537.36 (KHTML, like Gecko) Chrome/89.0.4389.114 Safari/537.36"
::1 - - [01/Apr/2021:15:36:35 +0000] "OPTIONS /api/sauces/6065c6cc38a31626b8ce451b HTTP/1.1" 200 19 "http://localhost:4200/" "Mozilla/5.0 (Windows NT 10.0; Win64; x64) AppleWebKit/537.36 (KHTML, like Gecko) Chrome/89.0.4389.114 Safari/537.36"
::1 - - [01/Apr/2021:15:36:35 +0000] "GET /api/sauces/6065c6cc38a31626b8ce451b HTTP/1.1" 304 - "http://localhost:4200/" "Mozilla/5.0 (Windows NT 10.0; Win64; x64) AppleWebKit/537.36 (KHTML, like Gecko) Chrome/89.0.4389.114 Safari/537.36"
::1 - - [01/Apr/2021:15:36:36 +0000] "OPTIONS /api/sauces HTTP/1.1" 200 13 "http://localhost:4200/" "Mozilla/5.0 (Windows NT 10.0; Win64; x64) AppleWebKit/537.36 (KHTML, like Gecko) Chrome/89.0.4389.114 Safari/537.36"
::1 - - [01/Apr/2021:15:36:36 +0000] "GET /api/sauces HTTP/1.1" 304 - "http://localhost:4200/" "Mozilla/5.0 (Windows NT 10.0; Win64; x64) AppleWebKit/537.36 (KHTML, like Gecko) Chrome/89.0.4389.114 Safari/537.36"
::1 - - [01/Apr/2021:15:36:37 +0000] "OPTIONS /api/sauces/6065e86eb861692a78117ece HTTP/1.1" 200 19 "http://localhost:4200/" "Mozilla/5.0 (Windows NT 10.0; Win64; x64) AppleWebKit/537.36 (KHTML, like Gecko) Chrome/89.0.4389.114 Safari/537.36"
::1 - - [01/Apr/2021:15:36:37 +0000] "GET /api/sauces/6065e86eb861692a78117ece HTTP/1.1" 200 314 "http://localhost:4200/" "Mozilla/5.0 (Windows NT 10.0; Win64; x64) AppleWebKit/537.36 (KHTML, like Gecko) Chrome/89.0.4389.114 Safari/537.36"
::1 - - [01/Apr/2021:15:36:38 +0000] "GET /api/sauces/6065e86eb861692a78117ece HTTP/1.1" 304 - "http://localhost:4200/" "Mozilla/5.0 (Windows NT 10.0; Win64; x64) AppleWebKit/537.36 (KHTML, like Gecko) Chrome/89.0.4389.114 Safari/537.36"
::1 - - [01/Apr/2021:15:36:46 +0000] "OPTIONS /api/sauces/6065e86eb861692a78117ece HTTP/1.1" 200 19 "http://localhost:4200/" "Mozilla/5.0 (Windows NT 10.0; Win64; x64) AppleWebKit/537.36 (KHTML, like Gecko) Chrome/89.0.4389.114 Safari/537.36"
::1 - - [01/Apr/2021:15:36:46 +0000] "PUT /api/sauces/6065e86eb861692a78117ece HTTP/1.1" 200 30 "http://localhost:4200/" "Mozilla/5.0 (Windows NT 10.0; Win64; x64) AppleWebKit/537.36 (KHTML, like Gecko) Chrome/89.0.4389.114 Safari/537.36"
::1 - - [01/Apr/2021:15:36:46 +0000] "OPTIONS /api/sauces HTTP/1.1" 200 13 "http://localhost:4200/" "Mozilla/5.0 (Windows NT 10.0; Win64; x64) AppleWebKit/537.36 (KHTML, like Gecko) Chrome/89.0.4389.114 Safari/537.36"
::1 - - [01/Apr/2021:15:36:46 +0000] "GET /api/sauces HTTP/1.1" 200 654 "http://localhost:4200/" "Mozilla/5.0 (Windows NT 10.0; Win64; x64) AppleWebKit/537.36 (KHTML, like Gecko) Chrome/89.0.4389.114 Safari/537.36"
::1 - - [01/Apr/2021:15:36:48 +0000] "GET /api/sauces/6065e86eb861692a78117ece HTTP/1.1" 200 316 "http://localhost:4200/" "Mozilla/5.0 (Windows NT 10.0; Win64; x64) AppleWebKit/537.36 (KHTML, like Gecko) Chrome/89.0.4389.114 Safari/537.36"
::1 - - [01/Apr/2021:15:36:50 +0000] "GET /api/sauces/6065e86eb861692a78117ece HTTP/1.1" 304 - "http://localhost:4200/" "Mozilla/5.0 (Windows NT 10.0; Win64; x64) AppleWebKit/537.36 (KHTML, like Gecko) Chrome/89.0.4389.114 Safari/537.36"
::1 - - [01/Apr/2021:15:36:56 +0000] "OPTIONS /api/sauces/6065e86eb861692a78117ece HTTP/1.1" 200 19 "http://localhost:4200/" "Mozilla/5.0 (Windows NT 10.0; Win64; x64) AppleWebKit/537.36 (KHTML, like Gecko) Chrome/89.0.4389.114 Safari/537.36"
::1 - - [01/Apr/2021:15:36:56 +0000] "PUT /api/sauces/6065e86eb861692a78117ece HTTP/1.1" 200 30 "http://localhost:4200/" "Mozilla/5.0 (Windows NT 10.0; Win64; x64) AppleWebKit/537.36 (KHTML, like Gecko) Chrome/89.0.4389.114 Safari/537.36"
::1 - - [01/Apr/2021:15:36:56 +0000] "OPTIONS /api/sauces HTTP/1.1" 200 13 "http://localhost:4200/" "Mozilla/5.0 (Windows NT 10.0; Win64; x64) AppleWebKit/537.36 (KHTML, like Gecko) Chrome/89.0.4389.114 Safari/537.36"
::1 - - [01/Apr/2021:15:36:56 +0000] "GET /api/sauces HTTP/1.1" 200 654 "http://localhost:4200/" "Mozilla/5.0 (Windows NT 10.0; Win64; x64) AppleWebKit/537.36 (KHTML, like Gecko) Chrome/89.0.4389.114 Safari/537.36"
::1 - - [01/Apr/2021:15:36:56 +0000] "GET /images/Sauce61617291416386.jpg HTTP/1.1" 200 56543 "http://localhost:4200/" "Mozilla/5.0 (Windows NT 10.0; Win64; x64) AppleWebKit/537.36 (KHTML, like Gecko) Chrome/89.0.4389.114 Safari/537.36"
::1 - - [01/Apr/2021:15:38:19 +0000] "OPTIONS /api/sauces/6065c6cc38a31626b8ce451b HTTP/1.1" 200 19 "http://localhost:4200/" "Mozilla/5.0 (Windows NT 10.0; Win64; x64) AppleWebKit/537.36 (KHTML, like Gecko) Chrome/89.0.4389.114 Safari/537.36"
::1 - - [01/Apr/2021:15:38:19 +0000] "GET /api/sauces/6065c6cc38a31626b8ce451b HTTP/1.1" 304 - "http://localhost:4200/" "Mozilla/5.0 (Windows NT 10.0; Win64; x64) AppleWebKit/537.36 (KHTML, like Gecko) Chrome/89.0.4389.114 Safari/537.36"
::1 - - [01/Apr/2021:15:38:22 +0000] "OPTIONS /api/sauces HTTP/1.1" 200 13 "http://localhost:4200/" "Mozilla/5.0 (Windows NT 10.0; Win64; x64) AppleWebKit/537.36 (KHTML, like Gecko) Chrome/89.0.4389.114 Safari/537.36"
::1 - - [01/Apr/2021:15:38:22 +0000] "GET /api/sauces HTTP/1.1" 304 - "http://localhost:4200/" "Mozilla/5.0 (Windows NT 10.0; Win64; x64) AppleWebKit/537.36 (KHTML, like Gecko) Chrome/89.0.4389.114 Safari/537.36"
::1 - - [05/Apr/2021:12:41:54 +0000] "OPTIONS /api/auth/signup HTTP/1.1" 200 4 "http://localhost:4200/" "Mozilla/5.0 (Windows NT 10.0; Win64; x64) AppleWebKit/537.36 (KHTML, like Gecko) Chrome/89.0.4389.114 Safari/537.36"
::1 - - [05/Apr/2021:12:41:54 +0000] "POST /api/auth/signup HTTP/1.1" 400 64 "http://localhost:4200/" "Mozilla/5.0 (Windows NT 10.0; Win64; x64) AppleWebKit/537.36 (KHTML, like Gecko) Chrome/89.0.4389.114 Safari/537.36"
::1 - - [05/Apr/2021:12:42:16 +0000] "OPTIONS /api/auth/signup HTTP/1.1" 200 4 "http://localhost:4200/" "Mozilla/5.0 (Windows NT 10.0; Win64; x64) AppleWebKit/537.36 (KHTML, like Gecko) Chrome/89.0.4389.114 Safari/537.36"
::1 - - [05/Apr/2021:12:42:16 +0000] "POST /api/auth/signup HTTP/1.1" 400 64 "http://localhost:4200/" "Mozilla/5.0 (Windows NT 10.0; Win64; x64) AppleWebKit/537.36 (KHTML, like Gecko) Chrome/89.0.4389.114 Safari/537.36"
::1 - - [05/Apr/2021:12:43:49 +0000] "OPTIONS /api/auth/signup HTTP/1.1" 200 4 "http://localhost:4200/" "Mozilla/5.0 (Windows NT 10.0; Win64; x64) AppleWebKit/537.36 (KHTML, like Gecko) Chrome/89.0.4389.114 Safari/537.36"
::1 - - [05/Apr/2021:12:43:49 +0000] "POST /api/auth/signup HTTP/1.1" 201 34 "http://localhost:4200/" "Mozilla/5.0 (Windows NT 10.0; Win64; x64) AppleWebKit/537.36 (KHTML, like Gecko) Chrome/89.0.4389.114 Safari/537.36"
::1 - - [05/Apr/2021:12:43:49 +0000] "OPTIONS /api/auth/login HTTP/1.1" 200 4 "http://localhost:4200/" "Mozilla/5.0 (Windows NT 10.0; Win64; x64) AppleWebKit/537.36 (KHTML, like Gecko) Chrome/89.0.4389.114 Safari/537.36"
::1 - - [05/Apr/2021:12:43:50 +0000] "POST /api/auth/login HTTP/1.1" 200 224 "http://localhost:4200/" "Mozilla/5.0 (Windows NT 10.0; Win64; x64) AppleWebKit/537.36 (KHTML, like Gecko) Chrome/89.0.4389.114 Safari/537.36"
::1 - - [05/Apr/2021:12:43:50 +0000] "OPTIONS /api/sauces HTTP/1.1" 200 13 "http://localhost:4200/" "Mozilla/5.0 (Windows NT 10.0; Win64; x64) AppleWebKit/537.36 (KHTML, like Gecko) Chrome/89.0.4389.114 Safari/537.36"
::1 - - [05/Apr/2021:12:43:50 +0000] "GET /api/sauces HTTP/1.1" 200 977 "http://localhost:4200/" "Mozilla/5.0 (Windows NT 10.0; Win64; x64) AppleWebKit/537.36 (KHTML, like Gecko) Chrome/89.0.4389.114 Safari/537.36"
::1 - - [05/Apr/2021:12:43:50 +0000] "GET /images/exclusive-banquet-1812772_19201617617620311.jpg HTTP/1.1" 404 193 "http://localhost:4200/" "Mozilla/5.0 (Windows NT 10.0; Win64; x64) AppleWebKit/537.36 (KHTML, like Gecko) Chrome/89.0.4389.114 Safari/537.36"
::1 - - [05/Apr/2021:12:43:50 +0000] "GET /images/Sauce11617282764403.jpg HTTP/1.1" 200 34681 "http://localhost:4200/" "Mozilla/5.0 (Windows NT 10.0; Win64; x64) AppleWebKit/537.36 (KHTML, like Gecko) Chrome/89.0.4389.114 Safari/537.36"
::1 - - [05/Apr/2021:12:43:50 +0000] "GET /images/Sauce61617291416386.jpg HTTP/1.1" 200 56543 "http://localhost:4200/" "Mozilla/5.0 (Windows NT 10.0; Win64; x64) AppleWebKit/537.36 (KHTML, like Gecko) Chrome/89.0.4389.114 Safari/537.36"
::1 - - [05/Apr/2021:12:45:11 +0000] "OPTIONS /api/auth/login HTTP/1.1" 200 4 "http://localhost:4200/" "Mozilla/5.0 (Windows NT 10.0; Win64; x64) AppleWebKit/537.36 (KHTML, like Gecko) Chrome/89.0.4389.114 Safari/537.36"
::1 - - [05/Apr/2021:12:45:11 +0000] "POST /api/auth/login HTTP/1.1" 200 224 "http://localhost:4200/" "Mozilla/5.0 (Windows NT 10.0; Win64; x64) AppleWebKit/537.36 (KHTML, like Gecko) Chrome/89.0.4389.114 Safari/537.36"
::1 - - [05/Apr/2021:12:45:11 +0000] "OPTIONS /api/sauces HTTP/1.1" 200 13 "http://localhost:4200/" "Mozilla/5.0 (Windows NT 10.0; Win64; x64) AppleWebKit/537.36 (KHTML, like Gecko) Chrome/89.0.4389.114 Safari/537.36"
::1 - - [05/Apr/2021:12:45:11 +0000] "GET /api/sauces HTTP/1.1" 304 - "http://localhost:4200/" "Mozilla/5.0 (Windows NT 10.0; Win64; x64) AppleWebKit/537.36 (KHTML, like Gecko) Chrome/89.0.4389.114 Safari/537.36"
::1 - - [05/Apr/2021:12:45:11 +0000] "GET /images/exclusive-banquet-1812772_19201617617620311.jpg HTTP/1.1" 404 193 "http://localhost:4200/" "Mozilla/5.0 (Windows NT 10.0; Win64; x64) AppleWebKit/537.36 (KHTML, like Gecko) Chrome/89.0.4389.114 Safari/537.36"
::1 - - [05/Apr/2021:12:45:15 +0000] "OPTIONS /api/sauces/606ae2d444713a0b6950d16a HTTP/1.1" 200 19 "http://localhost:4200/" "Mozilla/5.0 (Windows NT 10.0; Win64; x64) AppleWebKit/537.36 (KHTML, like Gecko) Chrome/89.0.4389.114 Safari/537.36"
::1 - - [05/Apr/2021:12:45:15 +0000] "GET /api/sauces/606ae2d444713a0b6950d16a HTTP/1.1" 200 322 "http://localhost:4200/" "Mozilla/5.0 (Windows NT 10.0; Win64; x64) AppleWebKit/537.36 (KHTML, like Gecko) Chrome/89.0.4389.114 Safari/537.36"
::1 - - [05/Apr/2021:12:45:15 +0000] "GET /images/exclusive-banquet-1812772_19201617617620311.jpg HTTP/1.1" 404 193 "http://localhost:4200/" "Mozilla/5.0 (Windows NT 10.0; Win64; x64) AppleWebKit/537.36 (KHTML, like Gecko) Chrome/89.0.4389.114 Safari/537.36"
::1 - - [05/Apr/2021:12:45:30 +0000] "OPTIONS /api/sauces HTTP/1.1" 200 13 "http://localhost:4200/" "Mozilla/5.0 (Windows NT 10.0; Win64; x64) AppleWebKit/537.36 (KHTML, like Gecko) Chrome/89.0.4389.114 Safari/537.36"
::1 - - [05/Apr/2021:12:45:30 +0000] "GET /api/sauces HTTP/1.1" 304 - "http://localhost:4200/" "Mozilla/5.0 (Windows NT 10.0; Win64; x64) AppleWebKit/537.36 (KHTML, like Gecko) Chrome/89.0.4389.114 Safari/537.36"
::1 - - [05/Apr/2021:12:45:30 +0000] "GET /images/exclusive-banquet-1812772_19201617617620311.jpg HTTP/1.1" 404 193 "http://localhost:4200/" "Mozilla/5.0 (Windows NT 10.0; Win64; x64) AppleWebKit/537.36 (KHTML, like Gecko) Chrome/89.0.4389.114 Safari/537.36"
::1 - - [05/Apr/2021:12:46:17 +0000] "OPTIONS /api/auth/login HTTP/1.1" 200 4 "http://localhost:4200/" "Mozilla/5.0 (Windows NT 10.0; Win64; x64) AppleWebKit/537.36 (KHTML, like Gecko) Chrome/89.0.4389.114 Safari/537.36"
::1 - - [05/Apr/2021:12:46:17 +0000] "POST /api/auth/login HTTP/1.1" 200 224 "http://localhost:4200/" "Mozilla/5.0 (Windows NT 10.0; Win64; x64) AppleWebKit/537.36 (KHTML, like Gecko) Chrome/89.0.4389.114 Safari/537.36"
::1 - - [05/Apr/2021:12:46:17 +0000] "OPTIONS /api/sauces HTTP/1.1" 200 13 "http://localhost:4200/" "Mozilla/5.0 (Windows NT 10.0; Win64; x64) AppleWebKit/537.36 (KHTML, like Gecko) Chrome/89.0.4389.114 Safari/537.36"
::1 - - [05/Apr/2021:12:46:17 +0000] "GET /api/sauces HTTP/1.1" 304 - "http://localhost:4200/" "Mozilla/5.0 (Windows NT 10.0; Win64; x64) AppleWebKit/537.36 (KHTML, like Gecko) Chrome/89.0.4389.114 Safari/537.36"
::1 - - [05/Apr/2021:12:46:17 +0000] "GET /images/exclusive-banquet-1812772_19201617617620311.jpg HTTP/1.1" 404 193 "http://localhost:4200/" "Mozilla/5.0 (Windows NT 10.0; Win64; x64) AppleWebKit/537.36 (KHTML, like Gecko) Chrome/89.0.4389.114 Safari/537.36"
::1 - - [05/Apr/2021:12:46:18 +0000] "OPTIONS /api/sauces/606ae2d444713a0b6950d16a HTTP/1.1" 200 19 "http://localhost:4200/" "Mozilla/5.0 (Windows NT 10.0; Win64; x64) AppleWebKit/537.36 (KHTML, like Gecko) Chrome/89.0.4389.114 Safari/537.36"
::1 - - [05/Apr/2021:12:46:18 +0000] "GET /api/sauces/606ae2d444713a0b6950d16a HTTP/1.1" 304 - "http://localhost:4200/" "Mozilla/5.0 (Windows NT 10.0; Win64; x64) AppleWebKit/537.36 (KHTML, like Gecko) Chrome/89.0.4389.114 Safari/537.36"
::1 - - [05/Apr/2021:12:46:18 +0000] "GET /images/exclusive-banquet-1812772_19201617617620311.jpg HTTP/1.1" 404 193 "http://localhost:4200/" "Mozilla/5.0 (Windows NT 10.0; Win64; x64) AppleWebKit/537.36 (KHTML, like Gecko) Chrome/89.0.4389.114 Safari/537.36"
::1 - - [05/Apr/2021:12:46:32 +0000] "OPTIONS /api/auth/login HTTP/1.1" 200 4 "http://localhost:4200/" "Mozilla/5.0 (Windows NT 10.0; Win64; x64) AppleWebKit/537.36 (KHTML, like Gecko) Chrome/89.0.4389.114 Safari/537.36"
::1 - - [05/Apr/2021:12:46:33 +0000] "POST /api/auth/login HTTP/1.1" 200 224 "http://localhost:4200/" "Mozilla/5.0 (Windows NT 10.0; Win64; x64) AppleWebKit/537.36 (KHTML, like Gecko) Chrome/89.0.4389.114 Safari/537.36"
::1 - - [05/Apr/2021:12:46:33 +0000] "OPTIONS /api/sauces HTTP/1.1" 200 13 "http://localhost:4200/" "Mozilla/5.0 (Windows NT 10.0; Win64; x64) AppleWebKit/537.36 (KHTML, like Gecko) Chrome/89.0.4389.114 Safari/537.36"
::1 - - [05/Apr/2021:12:46:33 +0000] "GET /api/sauces HTTP/1.1" 304 - "http://localhost:4200/" "Mozilla/5.0 (Windows NT 10.0; Win64; x64) AppleWebKit/537.36 (KHTML, like Gecko) Chrome/89.0.4389.114 Safari/537.36"
::1 - - [05/Apr/2021:12:46:33 +0000] "GET /images/Sauce11617282764403.jpg HTTP/1.1" 304 - "http://localhost:4200/" "Mozilla/5.0 (Windows NT 10.0; Win64; x64) AppleWebKit/537.36 (KHTML, like Gecko) Chrome/89.0.4389.114 Safari/537.36"
::1 - - [05/Apr/2021:12:46:33 +0000] "GET /images/exclusive-banquet-1812772_19201617617620311.jpg HTTP/1.1" 404 193 "http://localhost:4200/" "Mozilla/5.0 (Windows NT 10.0; Win64; x64) AppleWebKit/537.36 (KHTML, like Gecko) Chrome/89.0.4389.114 Safari/537.36"
::1 - - [05/Apr/2021:12:46:33 +0000] "GET /images/Sauce61617291416386.jpg HTTP/1.1" 304 - "http://localhost:4200/" "Mozilla/5.0 (Windows NT 10.0; Win64; x64) AppleWebKit/537.36 (KHTML, like Gecko) Chrome/89.0.4389.114 Safari/537.36"
::1 - - [05/Apr/2021:12:46:34 +0000] "OPTIONS /api/sauces/606ae2d444713a0b6950d16a HTTP/1.1" 200 19 "http://localhost:4200/" "Mozilla/5.0 (Windows NT 10.0; Win64; x64) AppleWebKit/537.36 (KHTML, like Gecko) Chrome/89.0.4389.114 Safari/537.36"
::1 - - [05/Apr/2021:12:46:34 +0000] "GET /api/sauces/606ae2d444713a0b6950d16a HTTP/1.1" 304 - "http://localhost:4200/" "Mozilla/5.0 (Windows NT 10.0; Win64; x64) AppleWebKit/537.36 (KHTML, like Gecko) Chrome/89.0.4389.114 Safari/537.36"
::1 - - [05/Apr/2021:12:46:34 +0000] "GET /images/exclusive-banquet-1812772_19201617617620311.jpg HTTP/1.1" 404 193 "http://localhost:4200/" "Mozilla/5.0 (Windows NT 10.0; Win64; x64) AppleWebKit/537.36 (KHTML, like Gecko) Chrome/89.0.4389.114 Safari/537.36"
::1 - - [05/Apr/2021:12:46:35 +0000] "GET /api/sauces HTTP/1.1" 304 - "http://localhost:4200/" "Mozilla/5.0 (Windows NT 10.0; Win64; x64) AppleWebKit/537.36 (KHTML, like Gecko) Chrome/89.0.4389.114 Safari/537.36"
::1 - - [05/Apr/2021:12:46:35 +0000] "GET /images/exclusive-banquet-1812772_19201617617620311.jpg HTTP/1.1" 404 193 "http://localhost:4200/" "Mozilla/5.0 (Windows NT 10.0; Win64; x64) AppleWebKit/537.36 (KHTML, like Gecko) Chrome/89.0.4389.114 Safari/537.36"
